<?xml version="1.0" encoding="UTF-8"?>
<!-- Generated by org.testng.reporters.JUnitXMLReporter -->
<testsuite ignored="0" hostname="DESKTOP-K9AEV60" failures="1" tests="5" name="Test" time="24.787" errors="0" timestamp="2025-08-14T17:51:34 IST">
  <testcase classname="testCases.ValidateRegistration" name="TC_R_001" time="1.686"/>
  <testcase classname="testCases.ValidateRegistration" name="TC_R_002" time="0.466"/>
  <testcase classname="testCases.ValidateRegistration" name="TC_R_003" time="1.114">
    <failure type="java.lang.AssertionError" message="expected [true] but found [false]">
      <![CDATA[java.lang.AssertionError: expected [true] but found [false]
at testCases.ValidateRegistration.TC_R_003(ValidateRegistration.java:61)
at java.base/java.util.ArrayList.forEach(ArrayList.java:1596)
... Removed 29 stack frames]]>
    </failure>
  </testcase> <!-- TC_R_003 -->
  <testcase classname="testCases.ValidateRegistration" name="TC_R_004" time="1.194"/>
  <testcase classname="testCases.ValidateRegistration" name="TC_R_005" time="1.149"/>
</testsuite> <!-- Test -->
