<?xml version="1.0" encoding="UTF-8"?>
<testng-results ignored="0" total="5" passed="4" failed="1" skipped="0">
  <reporter-output>
  </reporter-output>
  <suite started-at="2025-08-14T17:51:08 IST" name="Suite" finished-at="2025-08-14T17:51:33 IST" duration-ms="24787">
    <groups>
    </groups>
    <test started-at="2025-08-14T17:51:08 IST" name="Test" finished-at="2025-08-14T17:51:33 IST" duration-ms="24787">
      <class name="testCases.ValidateRegistration">
        <test-method is-config="true" signature="setup()[pri:0, instance:testCases.ValidateRegistration@6743e411]" started-at="2025-08-14T17:51:09 IST" name="setup" finished-at="2025-08-14T17:51:14 IST" duration-ms="5034" status="PASS">
          <reporter-output>
          </reporter-output>
        </test-method> <!-- setup -->
        <test-method signature="TC_R_001()[pri:0, instance:testCases.ValidateRegistration@6743e411]" started-at="2025-08-14T17:51:14 IST" name="TC_R_001" finished-at="2025-08-14T17:51:16 IST" duration-ms="1686" status="PASS">
          <reporter-output>
          </reporter-output>
        </test-method> <!-- TC_R_001 -->
        <test-method is-config="true" signature="teardown()[pri:0, instance:testCases.ValidateRegistration@6743e411]" started-at="2025-08-14T17:51:16 IST" name="teardown" finished-at="2025-08-14T17:51:16 IST" duration-ms="296" status="PASS">
          <reporter-output>
          </reporter-output>
        </test-method> <!-- teardown -->
        <test-method is-config="true" signature="setup()[pri:0, instance:testCases.ValidateRegistration@6743e411]" started-at="2025-08-14T17:51:16 IST" name="setup" finished-at="2025-08-14T17:51:20 IST" duration-ms="3495" status="PASS">
          <reporter-output>
          </reporter-output>
        </test-method> <!-- setup -->
        <test-method signature="TC_R_002()[pri:0, instance:testCases.ValidateRegistration@6743e411]" started-at="2025-08-14T17:51:20 IST" name="TC_R_002" finished-at="2025-08-14T17:51:20 IST" duration-ms="466" status="PASS">
          <reporter-output>
          </reporter-output>
        </test-method> <!-- TC_R_002 -->
        <test-method is-config="true" signature="teardown()[pri:0, instance:testCases.ValidateRegistration@6743e411]" started-at="2025-08-14T17:51:20 IST" name="teardown" finished-at="2025-08-14T17:51:20 IST" duration-ms="244" status="PASS">
          <reporter-output>
          </reporter-output>
        </test-method> <!-- teardown -->
        <test-method is-config="true" signature="setup()[pri:0, instance:testCases.ValidateRegistration@6743e411]" started-at="2025-08-14T17:51:20 IST" name="setup" finished-at="2025-08-14T17:51:22 IST" duration-ms="2125" status="PASS">
          <reporter-output>
          </reporter-output>
        </test-method> <!-- setup -->
        <test-method signature="TC_R_003()[pri:0, instance:testCases.ValidateRegistration@6743e411]" started-at="2025-08-14T17:51:22 IST" name="TC_R_003" finished-at="2025-08-14T17:51:24 IST" duration-ms="1114" status="FAIL">
          <exception class="java.lang.AssertionError">
            <message>
              <![CDATA[expected [true] but found [false]]]>
            </message>
            <full-stacktrace>
              <![CDATA[java.lang.AssertionError: expected [true] but found [false]
at org.testng.Assert.fail(Assert.java:111)
at org.testng.Assert.failNotEquals(Assert.java:1590)
at org.testng.Assert.assertTrue(Assert.java:57)
at org.testng.Assert.assertTrue(Assert.java:67)
at testCases.ValidateRegistration.TC_R_003(ValidateRegistration.java:61)
at java.base/jdk.internal.reflect.DirectMethodHandleAccessor.invoke(DirectMethodHandleAccessor.java:103)
at java.base/java.lang.reflect.Method.invoke(Method.java:580)
at org.testng.internal.invokers.MethodInvocationHelper.invokeMethod(MethodInvocationHelper.java:141)
at org.testng.internal.invokers.TestInvoker.invokeMethod(TestInvoker.java:687)
at org.testng.internal.invokers.TestInvoker.invokeTestMethod(TestInvoker.java:230)
at org.testng.internal.invokers.MethodRunner.runInSequence(MethodRunner.java:63)
at org.testng.internal.invokers.TestInvoker$MethodInvocationAgent.invoke(TestInvoker.java:995)
at org.testng.internal.invokers.TestInvoker.invokeTestMethods(TestInvoker.java:203)
at org.testng.internal.invokers.TestMethodWorker.invokeTestMethods(TestMethodWorker.java:154)
at org.testng.internal.invokers.TestMethodWorker.run(TestMethodWorker.java:134)
at java.base/java.util.ArrayList.forEach(ArrayList.java:1596)
at org.testng.TestRunner.privateRun(TestRunner.java:741)
at org.testng.TestRunner.run(TestRunner.java:616)
at org.testng.SuiteRunner.runTest(SuiteRunner.java:421)
at org.testng.SuiteRunner.runSequentially(SuiteRunner.java:413)
at org.testng.SuiteRunner.privateRun(SuiteRunner.java:373)
at org.testng.SuiteRunner.run(SuiteRunner.java:312)
at org.testng.SuiteRunnerWorker.runSuite(SuiteRunnerWorker.java:52)
at org.testng.SuiteRunnerWorker.run(SuiteRunnerWorker.java:95)
at org.testng.TestNG.runSuitesSequentially(TestNG.java:1274)
at org.testng.TestNG.runSuitesLocally(TestNG.java:1208)
at org.testng.TestNG.runSuites(TestNG.java:1112)
at org.testng.TestNG.run(TestNG.java:1079)
at org.testng.remote.AbstractRemoteTestNG.run(AbstractRemoteTestNG.java:115)
at org.testng.remote.RemoteTestNG.initAndRun(RemoteTestNG.java:293)
at org.testng.remote.RemoteTestNG.main(RemoteTestNG.java:91)
]]>
            </full-stacktrace>
          </exception> <!-- java.lang.AssertionError -->
          <reporter-output>
          </reporter-output>
        </test-method> <!-- TC_R_003 -->
        <test-method is-config="true" signature="teardown()[pri:0, instance:testCases.ValidateRegistration@6743e411]" started-at="2025-08-14T17:51:24 IST" name="teardown" finished-at="2025-08-14T17:51:24 IST" duration-ms="242" status="PASS">
          <reporter-output>
          </reporter-output>
        </test-method> <!-- teardown -->
        <test-method is-config="true" signature="setup()[pri:0, instance:testCases.ValidateRegistration@6743e411]" started-at="2025-08-14T17:51:24 IST" name="setup" finished-at="2025-08-14T17:51:27 IST" duration-ms="2998" status="PASS">
          <reporter-output>
          </reporter-output>
        </test-method> <!-- setup -->
        <test-method signature="TC_R_004()[pri:0, instance:testCases.ValidateRegistration@6743e411]" started-at="2025-08-14T17:51:27 IST" name="TC_R_004" finished-at="2025-08-14T17:51:28 IST" duration-ms="1194" status="PASS">
          <reporter-output>
          </reporter-output>
        </test-method> <!-- TC_R_004 -->
        <test-method is-config="true" signature="teardown()[pri:0, instance:testCases.ValidateRegistration@6743e411]" started-at="2025-08-14T17:51:28 IST" name="teardown" finished-at="2025-08-14T17:51:28 IST" duration-ms="348" status="PASS">
          <reporter-output>
          </reporter-output>
        </test-method> <!-- teardown -->
        <test-method is-config="true" signature="setup()[pri:0, instance:testCases.ValidateRegistration@6743e411]" started-at="2025-08-14T17:51:28 IST" name="setup" finished-at="2025-08-14T17:51:32 IST" duration-ms="3438" status="PASS">
          <reporter-output>
          </reporter-output>
        </test-method> <!-- setup -->
        <test-method signature="TC_R_005()[pri:0, instance:testCases.ValidateRegistration@6743e411]" started-at="2025-08-14T17:51:32 IST" name="TC_R_005" finished-at="2025-08-14T17:51:33 IST" duration-ms="1149" status="PASS">
          <reporter-output>
          </reporter-output>
        </test-method> <!-- TC_R_005 -->
        <test-method is-config="true" signature="teardown()[pri:0, instance:testCases.ValidateRegistration@6743e411]" started-at="2025-08-14T17:51:33 IST" name="teardown" finished-at="2025-08-14T17:51:33 IST" duration-ms="241" status="PASS">
          <reporter-output>
          </reporter-output>
        </test-method> <!-- teardown -->
      </class> <!-- testCases.ValidateRegistration -->
    </test> <!-- Test -->
  </suite> <!-- Suite -->
</testng-results>
